CRITICAL - 2022-07-13 00:48:59 --> Cannot call constructor
in APPPATH/Controllers/Blog.php on line 9.
 1 SYSTEMPATH/CodeIgniter.php(858): App\Controllers\Blog->__construct()
 2 SYSTEMPATH/CodeIgniter.php(457): CodeIgniter\CodeIgniter->createController()
 3 SYSTEMPATH/CodeIgniter.php(349): CodeIgniter\CodeIgniter->handleRequest()
 4 FCPATH/index.php(55): CodeIgniter\CodeIgniter->run()
CRITICAL - 2022-07-13 00:49:09 --> Cannot call constructor
in APPPATH/Controllers/Blog.php on line 9.
 1 SYSTEMPATH/CodeIgniter.php(858): App\Controllers\Blog->__construct()
 2 SYSTEMPATH/CodeIgniter.php(457): CodeIgniter\CodeIgniter->createController()
 3 SYSTEMPATH/CodeIgniter.php(349): CodeIgniter\CodeIgniter->handleRequest()
 4 FCPATH/index.php(55): CodeIgniter\CodeIgniter->run()
CRITICAL - 2022-07-13 00:49:11 --> Cannot call constructor
in APPPATH/Controllers/Blog.php on line 9.
 1 SYSTEMPATH/CodeIgniter.php(858): App\Controllers\Blog->__construct()
 2 SYSTEMPATH/CodeIgniter.php(457): CodeIgniter\CodeIgniter->createController()
 3 SYSTEMPATH/CodeIgniter.php(349): CodeIgniter\CodeIgniter->handleRequest()
 4 FCPATH/index.php(55): CodeIgniter\CodeIgniter->run()
CRITICAL - 2022-07-13 00:49:48 --> Cannot call constructor
in APPPATH/Controllers/Blog.php on line 9.
 1 SYSTEMPATH/CodeIgniter.php(858): App\Controllers\Blog->__construct()
 2 SYSTEMPATH/CodeIgniter.php(457): CodeIgniter\CodeIgniter->createController()
 3 SYSTEMPATH/CodeIgniter.php(349): CodeIgniter\CodeIgniter->handleRequest()
 4 FCPATH/index.php(55): CodeIgniter\CodeIgniter->run()
CRITICAL - 2022-07-13 00:49:50 --> Cannot call constructor
in APPPATH/Controllers/Blog.php on line 9.
 1 SYSTEMPATH/CodeIgniter.php(858): App\Controllers\Blog->__construct()
 2 SYSTEMPATH/CodeIgniter.php(457): CodeIgniter\CodeIgniter->createController()
 3 SYSTEMPATH/CodeIgniter.php(349): CodeIgniter\CodeIgniter->handleRequest()
 4 FCPATH/index.php(55): CodeIgniter\CodeIgniter->run()
CRITICAL - 2022-07-13 00:49:52 --> Cannot call constructor
in APPPATH/Controllers/Blog.php on line 9.
 1 SYSTEMPATH/CodeIgniter.php(858): App\Controllers\Blog->__construct()
 2 SYSTEMPATH/CodeIgniter.php(457): CodeIgniter\CodeIgniter->createController()
 3 SYSTEMPATH/CodeIgniter.php(349): CodeIgniter\CodeIgniter->handleRequest()
 4 FCPATH/index.php(55): CodeIgniter\CodeIgniter->run()
CRITICAL - 2022-07-13 00:49:54 --> Cannot call constructor
in APPPATH/Controllers/Blog.php on line 9.
 1 SYSTEMPATH/CodeIgniter.php(858): App\Controllers\Blog->__construct()
 2 SYSTEMPATH/CodeIgniter.php(457): CodeIgniter\CodeIgniter->createController()
 3 SYSTEMPATH/CodeIgniter.php(349): CodeIgniter\CodeIgniter->handleRequest()
 4 FCPATH/index.php(55): CodeIgniter\CodeIgniter->run()
CRITICAL - 2022-07-13 00:50:17 --> Cannot call constructor
in APPPATH/Controllers/Blog.php on line 9.
 1 SYSTEMPATH/CodeIgniter.php(858): App\Controllers\Blog->__construct()
 2 SYSTEMPATH/CodeIgniter.php(457): CodeIgniter\CodeIgniter->createController()
 3 SYSTEMPATH/CodeIgniter.php(349): CodeIgniter\CodeIgniter->handleRequest()
 4 FCPATH/index.php(55): CodeIgniter\CodeIgniter->run()
CRITICAL - 2022-07-13 00:50:20 --> Cannot call constructor
in APPPATH/Controllers/Blog.php on line 9.
 1 SYSTEMPATH/CodeIgniter.php(858): App\Controllers\Blog->__construct()
 2 SYSTEMPATH/CodeIgniter.php(457): CodeIgniter\CodeIgniter->createController()
 3 SYSTEMPATH/CodeIgniter.php(349): CodeIgniter\CodeIgniter->handleRequest()
 4 FCPATH/index.php(55): CodeIgniter\CodeIgniter->run()
CRITICAL - 2022-07-13 00:50:23 --> Cannot call constructor
in APPPATH/Controllers/Blog.php on line 9.
 1 SYSTEMPATH/CodeIgniter.php(858): App\Controllers\Blog->__construct()
 2 SYSTEMPATH/CodeIgniter.php(457): CodeIgniter\CodeIgniter->createController()
 3 SYSTEMPATH/CodeIgniter.php(349): CodeIgniter\CodeIgniter->handleRequest()
 4 FCPATH/index.php(55): CodeIgniter\CodeIgniter->run()
CRITICAL - 2022-07-13 00:50:31 --> Cannot call constructor
in APPPATH/Controllers/Blog.php on line 9.
 1 SYSTEMPATH/CodeIgniter.php(858): App\Controllers\Blog->__construct()
 2 SYSTEMPATH/CodeIgniter.php(457): CodeIgniter\CodeIgniter->createController()
 3 SYSTEMPATH/CodeIgniter.php(349): CodeIgniter\CodeIgniter->handleRequest()
 4 FCPATH/index.php(55): CodeIgniter\CodeIgniter->run()
CRITICAL - 2022-07-13 00:54:51 --> Cannot call constructor
in APPPATH/Controllers/Blog.php on line 9.
 1 SYSTEMPATH/CodeIgniter.php(858): App\Controllers\Blog->__construct()
 2 SYSTEMPATH/CodeIgniter.php(457): CodeIgniter\CodeIgniter->createController()
 3 SYSTEMPATH/CodeIgniter.php(349): CodeIgniter\CodeIgniter->handleRequest()
 4 FCPATH/index.php(55): CodeIgniter\CodeIgniter->run()
CRITICAL - 2022-07-13 00:54:53 --> Cannot call constructor
in APPPATH/Controllers/Blog.php on line 9.
 1 SYSTEMPATH/CodeIgniter.php(858): App\Controllers\Blog->__construct()
 2 SYSTEMPATH/CodeIgniter.php(457): CodeIgniter\CodeIgniter->createController()
 3 SYSTEMPATH/CodeIgniter.php(349): CodeIgniter\CodeIgniter->handleRequest()
 4 FCPATH/index.php(55): CodeIgniter\CodeIgniter->run()
CRITICAL - 2022-07-13 00:54:54 --> Cannot call constructor
in APPPATH/Controllers/Blog.php on line 9.
 1 SYSTEMPATH/CodeIgniter.php(858): App\Controllers\Blog->__construct()
 2 SYSTEMPATH/CodeIgniter.php(457): CodeIgniter\CodeIgniter->createController()
 3 SYSTEMPATH/CodeIgniter.php(349): CodeIgniter\CodeIgniter->handleRequest()
 4 FCPATH/index.php(55): CodeIgniter\CodeIgniter->run()
CRITICAL - 2022-07-13 00:54:55 --> Cannot call constructor
in APPPATH/Controllers/Blog.php on line 9.
 1 SYSTEMPATH/CodeIgniter.php(858): App\Controllers\Blog->__construct()
 2 SYSTEMPATH/CodeIgniter.php(457): CodeIgniter\CodeIgniter->createController()
 3 SYSTEMPATH/CodeIgniter.php(349): CodeIgniter\CodeIgniter->handleRequest()
 4 FCPATH/index.php(55): CodeIgniter\CodeIgniter->run()
CRITICAL - 2022-07-13 00:57:15 --> Cannot call constructor
in APPPATH/Controllers/Blog.php on line 9.
 1 SYSTEMPATH/CodeIgniter.php(858): App\Controllers\Blog->__construct()
 2 SYSTEMPATH/CodeIgniter.php(457): CodeIgniter\CodeIgniter->createController()
 3 SYSTEMPATH/CodeIgniter.php(349): CodeIgniter\CodeIgniter->handleRequest()
 4 FCPATH/index.php(55): CodeIgniter\CodeIgniter->run()
CRITICAL - 2022-07-13 00:57:16 --> Cannot call constructor
in APPPATH/Controllers/Blog.php on line 9.
 1 SYSTEMPATH/CodeIgniter.php(858): App\Controllers\Blog->__construct()
 2 SYSTEMPATH/CodeIgniter.php(457): CodeIgniter\CodeIgniter->createController()
 3 SYSTEMPATH/CodeIgniter.php(349): CodeIgniter\CodeIgniter->handleRequest()
 4 FCPATH/index.php(55): CodeIgniter\CodeIgniter->run()
CRITICAL - 2022-07-13 00:57:17 --> Cannot call constructor
in APPPATH/Controllers/Blog.php on line 9.
 1 SYSTEMPATH/CodeIgniter.php(858): App\Controllers\Blog->__construct()
 2 SYSTEMPATH/CodeIgniter.php(457): CodeIgniter\CodeIgniter->createController()
 3 SYSTEMPATH/CodeIgniter.php(349): CodeIgniter\CodeIgniter->handleRequest()
 4 FCPATH/index.php(55): CodeIgniter\CodeIgniter->run()
CRITICAL - 2022-07-13 00:57:18 --> Cannot call constructor
in APPPATH/Controllers/Blog.php on line 9.
 1 SYSTEMPATH/CodeIgniter.php(858): App\Controllers\Blog->__construct()
 2 SYSTEMPATH/CodeIgniter.php(457): CodeIgniter\CodeIgniter->createController()
 3 SYSTEMPATH/CodeIgniter.php(349): CodeIgniter\CodeIgniter->handleRequest()
 4 FCPATH/index.php(55): CodeIgniter\CodeIgniter->run()
CRITICAL - 2022-07-13 00:57:19 --> Cannot call constructor
in APPPATH/Controllers/Blog.php on line 9.
 1 SYSTEMPATH/CodeIgniter.php(858): App\Controllers\Blog->__construct()
 2 SYSTEMPATH/CodeIgniter.php(457): CodeIgniter\CodeIgniter->createController()
 3 SYSTEMPATH/CodeIgniter.php(349): CodeIgniter\CodeIgniter->handleRequest()
 4 FCPATH/index.php(55): CodeIgniter\CodeIgniter->run()
CRITICAL - 2022-07-13 00:58:01 --> Cannot call constructor
in APPPATH/Controllers/Blog.php on line 9.
 1 SYSTEMPATH/CodeIgniter.php(858): App\Controllers\Blog->__construct()
 2 SYSTEMPATH/CodeIgniter.php(457): CodeIgniter\CodeIgniter->createController()
 3 SYSTEMPATH/CodeIgniter.php(349): CodeIgniter\CodeIgniter->handleRequest()
 4 FCPATH/index.php(55): CodeIgniter\CodeIgniter->run()
CRITICAL - 2022-07-13 01:00:20 --> Cannot call constructor
in APPPATH/Controllers/Blog.php on line 9.
 1 SYSTEMPATH/CodeIgniter.php(858): App\Controllers\Blog->__construct()
 2 SYSTEMPATH/CodeIgniter.php(457): CodeIgniter\CodeIgniter->createController()
 3 SYSTEMPATH/CodeIgniter.php(349): CodeIgniter\CodeIgniter->handleRequest()
 4 FCPATH/index.php(55): CodeIgniter\CodeIgniter->run()
CRITICAL - 2022-07-13 01:01:32 --> Cannot call constructor
in APPPATH/Controllers/Blog.php on line 9.
 1 SYSTEMPATH/CodeIgniter.php(858): App\Controllers\Blog->__construct()
 2 SYSTEMPATH/CodeIgniter.php(457): CodeIgniter\CodeIgniter->createController()
 3 SYSTEMPATH/CodeIgniter.php(349): CodeIgniter\CodeIgniter->handleRequest()
 4 FCPATH/index.php(55): CodeIgniter\CodeIgniter->run()
CRITICAL - 2022-07-13 01:02:37 --> Call to a member function model() on null
in APPPATH/Controllers/Blog.php on line 9.
 1 SYSTEMPATH/CodeIgniter.php(858): App\Controllers\Blog->__construct()
 2 SYSTEMPATH/CodeIgniter.php(457): CodeIgniter\CodeIgniter->createController()
 3 SYSTEMPATH/CodeIgniter.php(349): CodeIgniter\CodeIgniter->handleRequest()
 4 FCPATH/index.php(55): CodeIgniter\CodeIgniter->run()
CRITICAL - 2022-07-13 01:13:05 --> Call to a member function get_posts() on null
in APPPATH/Controllers/Blog.php on line 15.
 1 SYSTEMPATH/CodeIgniter.php(896): App\Controllers\Blog->index()
 2 SYSTEMPATH/CodeIgniter.php(466): CodeIgniter\CodeIgniter->runController()
 3 SYSTEMPATH/CodeIgniter.php(349): CodeIgniter\CodeIgniter->handleRequest()
 4 FCPATH/index.php(55): CodeIgniter\CodeIgniter->run()
CRITICAL - 2022-07-13 01:16:40 --> Class 'CI_Model' not found
in APPPATH/Models/M_Blog.php on line 2.
 1 SYSTEMPATH/Autoloader/Autoloader.php(284): include_once()
 2 SYSTEMPATH/Autoloader/Autoloader.php(261): CodeIgniter\Autoloader\Autoloader->includeFile()
 3 SYSTEMPATH/Autoloader/Autoloader.php(239): CodeIgniter\Autoloader\Autoloader->loadInNamespace()
 4 [internal function]: CodeIgniter\Autoloader\Autoloader->loadClass()
 5 [internal function]: spl_autoload_call()
 6 SYSTEMPATH/Config/Factories.php(152): class_exists()
 7 SYSTEMPATH/Config/Factories.php(122): CodeIgniter\Config\Factories::locateClass()
 8 SYSTEMPATH/Config/Factories.php(83): CodeIgniter\Config\Factories::__callStatic()
 9 SYSTEMPATH/Common.php(811): CodeIgniter\Config\Factories::models()
10 APPPATH/Controllers/Blog.php(11): model()
11 SYSTEMPATH/CodeIgniter.php(896): App\Controllers\Blog->index()
12 SYSTEMPATH/CodeIgniter.php(466): CodeIgniter\CodeIgniter->runController()
13 SYSTEMPATH/CodeIgniter.php(349): CodeIgniter\CodeIgniter->handleRequest()
14 FCPATH/index.php(55): CodeIgniter\CodeIgniter->run()
CRITICAL - 2022-07-13 01:20:08 --> Call to a member function get_posts() on null
in APPPATH/Controllers/Blog.php on line 12.
 1 SYSTEMPATH/CodeIgniter.php(896): App\Controllers\Blog->index()
 2 SYSTEMPATH/CodeIgniter.php(466): CodeIgniter\CodeIgniter->runController()
 3 SYSTEMPATH/CodeIgniter.php(349): CodeIgniter\CodeIgniter->handleRequest()
 4 FCPATH/index.php(55): CodeIgniter\CodeIgniter->run()
CRITICAL - 2022-07-13 01:38:33 --> Class 'App\Models\BlogModel' not found
in APPPATH/Controllers/Blog.php on line 11.
 1 SYSTEMPATH/CodeIgniter.php(896): App\Controllers\Blog->index()
 2 SYSTEMPATH/CodeIgniter.php(466): CodeIgniter\CodeIgniter->runController()
 3 SYSTEMPATH/CodeIgniter.php(349): CodeIgniter\CodeIgniter->handleRequest()
 4 FCPATH/index.php(55): CodeIgniter\CodeIgniter->run()
CRITICAL - 2022-07-13 01:39:18 --> Call to undefined method App\Controllers\Blog::render()
in APPPATH/Controllers/Blog.php on line 13.
 1 SYSTEMPATH/CodeIgniter.php(896): App\Controllers\Blog->index()
 2 SYSTEMPATH/CodeIgniter.php(466): CodeIgniter\CodeIgniter->runController()
 3 SYSTEMPATH/CodeIgniter.php(349): CodeIgniter\CodeIgniter->handleRequest()
 4 FCPATH/index.php(55): CodeIgniter\CodeIgniter->run()
CRITICAL - 2022-07-13 01:40:32 --> Call to undefined method App\Controllers\Blog::view()
in APPPATH/Controllers/Blog.php on line 13.
 1 SYSTEMPATH/CodeIgniter.php(896): App\Controllers\Blog->index()
 2 SYSTEMPATH/CodeIgniter.php(466): CodeIgniter\CodeIgniter->runController()
 3 SYSTEMPATH/CodeIgniter.php(349): CodeIgniter\CodeIgniter->handleRequest()
 4 FCPATH/index.php(55): CodeIgniter\CodeIgniter->run()
CRITICAL - 2022-07-13 01:42:04 --> Argument 2 passed to view() must be of the type array, null given, called in /storage/ssd3/834/19261834/public_html/app/Controllers/Blog.php on line 13
in SYSTEMPATH/Common.php on line 1121.
 1 APPPATH/Controllers/Blog.php(13): view()
 2 SYSTEMPATH/CodeIgniter.php(896): App\Controllers\Blog->index()
 3 SYSTEMPATH/CodeIgniter.php(466): CodeIgniter\CodeIgniter->runController()
 4 SYSTEMPATH/CodeIgniter.php(349): CodeIgniter\CodeIgniter->handleRequest()
 5 FCPATH/index.php(55): CodeIgniter\CodeIgniter->run()
CRITICAL - 2022-07-13 03:00:50 --> Invalid argument supplied for foreach()
in APPPATH/Views/index.php on line 10.
 1 APPPATH/Views/index.php(10): CodeIgniter\Debug\Exceptions->errorHandler()
 2 SYSTEMPATH/View/View.php(213): include('APPPATH/Views/index.php')
 3 SYSTEMPATH/View/View.php(216): CodeIgniter\View\View->CodeIgniter\View\{closure}()
 4 SYSTEMPATH/Common.php(1135): CodeIgniter\View\View->render()
 5 APPPATH/Controllers/Blog.php(32): view()
 6 SYSTEMPATH/CodeIgniter.php(896): App\Controllers\Blog->ajouterPost()
 7 SYSTEMPATH/CodeIgniter.php(466): CodeIgniter\CodeIgniter->runController()
 8 SYSTEMPATH/CodeIgniter.php(349): CodeIgniter\CodeIgniter->handleRequest()
 9 FCPATH/index.php(55): CodeIgniter\CodeIgniter->run()
CRITICAL - 2022-07-13 03:05:50 --> Invalid argument supplied for foreach()
in APPPATH/Views/index.php on line 10.
 1 APPPATH/Views/index.php(10): CodeIgniter\Debug\Exceptions->errorHandler()
 2 SYSTEMPATH/View/View.php(213): include('APPPATH/Views/index.php')
 3 SYSTEMPATH/View/View.php(216): CodeIgniter\View\View->CodeIgniter\View\{closure}()
 4 SYSTEMPATH/Common.php(1135): CodeIgniter\View\View->render()
 5 APPPATH/Controllers/Blog.php(32): view()
 6 SYSTEMPATH/CodeIgniter.php(896): App\Controllers\Blog->ajouterPost()
 7 SYSTEMPATH/CodeIgniter.php(466): CodeIgniter\CodeIgniter->runController()
 8 SYSTEMPATH/CodeIgniter.php(349): CodeIgniter\CodeIgniter->handleRequest()
 9 FCPATH/index.php(55): CodeIgniter\CodeIgniter->run()
CRITICAL - 2022-07-13 03:11:28 --> Invalid argument supplied for foreach()
in APPPATH/Views/index.php on line 10.
 1 APPPATH/Views/index.php(10): CodeIgniter\Debug\Exceptions->errorHandler()
 2 SYSTEMPATH/View/View.php(213): include('APPPATH/Views/index.php')
 3 SYSTEMPATH/View/View.php(216): CodeIgniter\View\View->CodeIgniter\View\{closure}()
 4 SYSTEMPATH/Common.php(1135): CodeIgniter\View\View->render()
 5 APPPATH/Controllers/Blog.php(32): view()
 6 SYSTEMPATH/CodeIgniter.php(896): App\Controllers\Blog->ajouterPost()
 7 SYSTEMPATH/CodeIgniter.php(466): CodeIgniter\CodeIgniter->runController()
 8 SYSTEMPATH/CodeIgniter.php(349): CodeIgniter\CodeIgniter->handleRequest()
 9 FCPATH/index.php(55): CodeIgniter\CodeIgniter->run()
CRITICAL - 2022-07-13 03:13:46 -->  route cannot be found while reverse-routing.
in SYSTEMPATH/HTTP/RedirectResponse.php on line 56.
 1 SYSTEMPATH/HTTP/RedirectResponse.php(56): CodeIgniter\HTTP\Exceptions\HTTPException::forInvalidRedirectRoute()
 2 SYSTEMPATH/Common.php(863): CodeIgniter\HTTP\RedirectResponse->route()
 3 APPPATH/Controllers/Blog.php(32): redirect()
 4 SYSTEMPATH/CodeIgniter.php(896): App\Controllers\Blog->ajouterPost()
 5 SYSTEMPATH/CodeIgniter.php(466): CodeIgniter\CodeIgniter->runController()
 6 SYSTEMPATH/CodeIgniter.php(349): CodeIgniter\CodeIgniter->handleRequest()
 7 FCPATH/index.php(55): CodeIgniter\CodeIgniter->run()
CRITICAL - 2022-07-13 03:26:03 --> Call to a member function table() on null
in APPPATH/Controllers/Blog.php on line 13.
 1 SYSTEMPATH/CodeIgniter.php(896): App\Controllers\Blog->index()
 2 SYSTEMPATH/CodeIgniter.php(466): CodeIgniter\CodeIgniter->runController()
 3 SYSTEMPATH/CodeIgniter.php(349): CodeIgniter\CodeIgniter->handleRequest()
 4 FCPATH/index.php(55): CodeIgniter\CodeIgniter->run()
CRITICAL - 2022-07-13 03:29:20 --> Cannot use object of type mysqli as array
in APPPATH/Views/index.php on line 12.
 1 SYSTEMPATH/View/View.php(213): include()
 2 SYSTEMPATH/View/View.php(216): CodeIgniter\View\View->CodeIgniter\View\{closure}()
 3 SYSTEMPATH/Common.php(1135): CodeIgniter\View\View->render()
 4 APPPATH/Controllers/Blog.php(16): view()
 5 SYSTEMPATH/CodeIgniter.php(896): App\Controllers\Blog->index()
 6 SYSTEMPATH/CodeIgniter.php(466): CodeIgniter\CodeIgniter->runController()
 7 SYSTEMPATH/CodeIgniter.php(349): CodeIgniter\CodeIgniter->handleRequest()
 8 FCPATH/index.php(55): CodeIgniter\CodeIgniter->run()
CRITICAL - 2022-07-13 03:37:17 --> Argument 1 passed to CodeIgniter\Database\BaseConnection::query() must be of the type string, object given, called in /storage/ssd3/834/19261834/public_html/app/Models/BlogModel.php on line 26
in SYSTEMPATH/Database/BaseConnection.php on line 581.
 1 APPPATH/Models/BlogModel.php(26): CodeIgniter\Database\BaseConnection->query()
 2 APPPATH/Controllers/Blog.php(12): App\Models\BlogModel->get_posts()
 3 SYSTEMPATH/CodeIgniter.php(896): App\Controllers\Blog->index()
 4 SYSTEMPATH/CodeIgniter.php(466): CodeIgniter\CodeIgniter->runController()
 5 SYSTEMPATH/CodeIgniter.php(349): CodeIgniter\CodeIgniter->handleRequest()
 6 FCPATH/index.php(55): CodeIgniter\CodeIgniter->run()
CRITICAL - 2022-07-13 03:38:23 --> Cannot use object of type mysqli as array
in APPPATH/Views/index.php on line 12.
 1 SYSTEMPATH/View/View.php(213): include()
 2 SYSTEMPATH/View/View.php(216): CodeIgniter\View\View->CodeIgniter\View\{closure}()
 3 SYSTEMPATH/Common.php(1135): CodeIgniter\View\View->render()
 4 APPPATH/Controllers/Blog.php(16): view()
 5 SYSTEMPATH/CodeIgniter.php(896): App\Controllers\Blog->index()
 6 SYSTEMPATH/CodeIgniter.php(466): CodeIgniter\CodeIgniter->runController()
 7 SYSTEMPATH/CodeIgniter.php(349): CodeIgniter\CodeIgniter->handleRequest()
 8 FCPATH/index.php(55): CodeIgniter\CodeIgniter->run()
CRITICAL - 2022-07-13 03:39:35 --> Call to undefined function App\Models\getResultArray()
in APPPATH/Models/BlogModel.php on line 26.
 1 APPPATH/Controllers/Blog.php(12): App\Models\BlogModel->get_posts()
 2 SYSTEMPATH/CodeIgniter.php(896): App\Controllers\Blog->index()
 3 SYSTEMPATH/CodeIgniter.php(466): CodeIgniter\CodeIgniter->runController()
 4 SYSTEMPATH/CodeIgniter.php(349): CodeIgniter\CodeIgniter->handleRequest()
 5 FCPATH/index.php(55): CodeIgniter\CodeIgniter->run()
CRITICAL - 2022-07-13 04:29:20 --> Call to a member function set() on null
in APPPATH/Controllers/Blog.php on line 43.
 1 SYSTEMPATH/CodeIgniter.php(896): App\Controllers\Blog->modifier()
 2 SYSTEMPATH/CodeIgniter.php(466): CodeIgniter\CodeIgniter->runController()
 3 SYSTEMPATH/CodeIgniter.php(349): CodeIgniter\CodeIgniter->handleRequest()
 4 FCPATH/index.php(55): CodeIgniter\CodeIgniter->run()
CRITICAL - 2022-07-13 04:30:55 --> Call to a member function set() on null
in APPPATH/Controllers/Blog.php on line 43.
 1 SYSTEMPATH/CodeIgniter.php(896): App\Controllers\Blog->modifier()
 2 SYSTEMPATH/CodeIgniter.php(466): CodeIgniter\CodeIgniter->runController()
 3 SYSTEMPATH/CodeIgniter.php(349): CodeIgniter\CodeIgniter->handleRequest()
 4 FCPATH/index.php(55): CodeIgniter\CodeIgniter->run()
CRITICAL - 2022-07-13 04:31:05 --> Call to a member function set() on null
in APPPATH/Controllers/Blog.php on line 43.
 1 SYSTEMPATH/CodeIgniter.php(896): App\Controllers\Blog->modifier()
 2 SYSTEMPATH/CodeIgniter.php(466): CodeIgniter\CodeIgniter->runController()
 3 SYSTEMPATH/CodeIgniter.php(349): CodeIgniter\CodeIgniter->handleRequest()
 4 FCPATH/index.php(55): CodeIgniter\CodeIgniter->run()
CRITICAL - 2022-07-13 04:48:07 --> Call to a member function has() on null
in APPPATH/Controllers/Blog.php on line 50.
 1 SYSTEMPATH/CodeIgniter.php(896): App\Controllers\Blog->modifierPost()
 2 SYSTEMPATH/CodeIgniter.php(466): CodeIgniter\CodeIgniter->runController()
 3 SYSTEMPATH/CodeIgniter.php(349): CodeIgniter\CodeIgniter->handleRequest()
 4 FCPATH/index.php(55): CodeIgniter\CodeIgniter->run()
CRITICAL - 2022-07-13 04:53:25 --> Call to a member function has() on null
in APPPATH/Controllers/Blog.php on line 49.
 1 SYSTEMPATH/CodeIgniter.php(896): App\Controllers\Blog->modifierPost()
 2 SYSTEMPATH/CodeIgniter.php(466): CodeIgniter\CodeIgniter->runController()
 3 SYSTEMPATH/CodeIgniter.php(349): CodeIgniter\CodeIgniter->handleRequest()
 4 FCPATH/index.php(55): CodeIgniter\CodeIgniter->run()
CRITICAL - 2022-07-13 06:45:53 --> Invalid argument supplied for foreach()
in APPPATH/Views/index.php on line 10.
 1 APPPATH/Views/index.php(10): CodeIgniter\Debug\Exceptions->errorHandler()
 2 SYSTEMPATH/View/View.php(213): include('APPPATH/Views/index.php')
 3 SYSTEMPATH/View/View.php(216): CodeIgniter\View\View->CodeIgniter\View\{closure}()
 4 SYSTEMPATH/Common.php(1135): CodeIgniter\View\View->render()
 5 APPPATH/Controllers/Blog.php(30): view()
 6 SYSTEMPATH/CodeIgniter.php(896): App\Controllers\Blog->login()
 7 SYSTEMPATH/CodeIgniter.php(466): CodeIgniter\CodeIgniter->runController()
 8 SYSTEMPATH/CodeIgniter.php(349): CodeIgniter\CodeIgniter->handleRequest()
 9 FCPATH/index.php(55): CodeIgniter\CodeIgniter->run()
CRITICAL - 2022-07-13 06:45:57 --> Invalid argument supplied for foreach()
in APPPATH/Views/index.php on line 10.
 1 APPPATH/Views/index.php(10): CodeIgniter\Debug\Exceptions->errorHandler()
 2 SYSTEMPATH/View/View.php(213): include('APPPATH/Views/index.php')
 3 SYSTEMPATH/View/View.php(216): CodeIgniter\View\View->CodeIgniter\View\{closure}()
 4 SYSTEMPATH/Common.php(1135): CodeIgniter\View\View->render()
 5 APPPATH/Controllers/Blog.php(30): view()
 6 SYSTEMPATH/CodeIgniter.php(896): App\Controllers\Blog->login()
 7 SYSTEMPATH/CodeIgniter.php(466): CodeIgniter\CodeIgniter->runController()
 8 SYSTEMPATH/CodeIgniter.php(349): CodeIgniter\CodeIgniter->handleRequest()
 9 FCPATH/index.php(55): CodeIgniter\CodeIgniter->run()
CRITICAL - 2022-07-13 06:57:19 --> Call to a member function remove() on null
in APPPATH/Controllers/Login.php on line 31.
 1 SYSTEMPATH/CodeIgniter.php(896): App\Controllers\Login->logout()
 2 SYSTEMPATH/CodeIgniter.php(466): CodeIgniter\CodeIgniter->runController()
 3 SYSTEMPATH/CodeIgniter.php(349): CodeIgniter\CodeIgniter->handleRequest()
 4 FCPATH/index.php(55): CodeIgniter\CodeIgniter->run()
CRITICAL - 2022-07-13 06:58:22 --> Call to a member function remove() on null
in APPPATH/Controllers/Login.php on line 31.
 1 SYSTEMPATH/CodeIgniter.php(896): App\Controllers\Login->logout()
 2 SYSTEMPATH/CodeIgniter.php(466): CodeIgniter\CodeIgniter->runController()
 3 SYSTEMPATH/CodeIgniter.php(349): CodeIgniter\CodeIgniter->handleRequest()
 4 FCPATH/index.php(55): CodeIgniter\CodeIgniter->run()
CRITICAL - 2022-07-13 07:08:59 --> Call to a member function setFlashdata() on null
in APPPATH/Controllers/Login.php on line 45.
 1 SYSTEMPATH/CodeIgniter.php(896): App\Controllers\Login->connexion()
 2 SYSTEMPATH/CodeIgniter.php(466): CodeIgniter\CodeIgniter->runController()
 3 SYSTEMPATH/CodeIgniter.php(349): CodeIgniter\CodeIgniter->handleRequest()
 4 FCPATH/index.php(55): CodeIgniter\CodeIgniter->run()
CRITICAL - 2022-07-13 07:56:08 --> Constant expression contains invalid operations
in APPPATH/Controllers/Blogs.php on line 11.
 1 [internal function]: CodeIgniter\Debug\Exceptions->shutdownHandler()
CRITICAL - 2022-07-13 07:56:25 --> Constant expression contains invalid operations
in APPPATH/Controllers/Blogs.php on line 11.
 1 [internal function]: CodeIgniter\Debug\Exceptions->shutdownHandler()
CRITICAL - 2022-07-13 07:56:26 --> Constant expression contains invalid operations
in APPPATH/Controllers/Blogs.php on line 11.
 1 [internal function]: CodeIgniter\Debug\Exceptions->shutdownHandler()
CRITICAL - 2022-07-13 07:58:36 --> Constant expression contains invalid operations
in APPPATH/Controllers/Blogs.php on line 11.
 1 [internal function]: CodeIgniter\Debug\Exceptions->shutdownHandler()
CRITICAL - 2022-07-13 07:58:37 --> Constant expression contains invalid operations
in APPPATH/Controllers/Blogs.php on line 11.
 1 [internal function]: CodeIgniter\Debug\Exceptions->shutdownHandler()
CRITICAL - 2022-07-13 07:58:37 --> Constant expression contains invalid operations
in APPPATH/Controllers/Blogs.php on line 11.
 1 [internal function]: CodeIgniter\Debug\Exceptions->shutdownHandler()
CRITICAL - 2022-07-13 08:02:42 --> Constant expression contains invalid operations
in APPPATH/Controllers/Blogs.php on line 11.
 1 [internal function]: CodeIgniter\Debug\Exceptions->shutdownHandler()
